#! /usr/local/iverilog/bin/vvp
:ivl_version "11.0 (devel)" "(s20150603-642-g3bdb50da)";
:ivl_delay_selection "TYPICAL";
:vpi_time_precision + 0;
:vpi_module "system";
:vpi_module "vhdl_sys";
:vpi_module "vhdl_textio";
:vpi_module "v2005_math";
:vpi_module "va_math";
S_000000000107ab00 .scope module, "testbench" "testbench" 2 1;
 .timescale 0 0;
v0000000001072e20_0 .var "a", 1 0;
v00000000010729c0_0 .var "b", 1 0;
v0000000001073320_0 .var "c", 0 0;
v0000000001072920_0 .var "expz", 1 0;
v0000000001073640_0 .var/i "i", 31 0;
v0000000001072ba0_0 .var/i "j", 31 0;
v0000000001073000_0 .var/i "k", 31 0;
v0000000001073500_0 .var/i "m", 31 0;
v0000000001073780_0 .var/i "n", 31 0;
v00000000010730a0_0 .net "z", 1 0, L_0000000001072b00;  1 drivers
S_000000000107ac90 .scope module, "mux2" "yMux2" 2 8, 3 1 0, S_000000000107ab00;
 .timescale 0 0;
    .port_info 0 /OUTPUT 2 "z";
    .port_info 1 /INPUT 2 "a";
    .port_info 2 /INPUT 2 "b";
    .port_info 3 /INPUT 1 "c";
v0000000001073140_0 .net "a", 1 0, v0000000001072e20_0;  1 drivers
v0000000001072ce0_0 .net "b", 1 0, v00000000010729c0_0;  1 drivers
v0000000001072d80_0 .net "c", 0 0, v0000000001073320_0;  1 drivers
v00000000010731e0_0 .net "z", 1 0, L_0000000001072b00;  alias, 1 drivers
L_0000000001073280 .part v0000000001072e20_0, 0, 1;
L_0000000001072a60 .part v00000000010729c0_0, 0, 1;
L_0000000001072b00 .concat8 [ 1 1 0 0], L_0000000000fbb820, L_0000000001073840;
L_0000000001072c40 .part v0000000001072e20_0, 1, 1;
L_00000000010735a0 .part v00000000010729c0_0, 1, 1;
S_0000000001078e60 .scope module, "upper1" "yMux1" 3 6, 4 1 0, S_000000000107ac90;
 .timescale 0 0;
    .port_info 0 /OUTPUT 1 "z";
    .port_info 1 /INPUT 1 "a";
    .port_info 2 /INPUT 1 "b";
    .port_info 3 /INPUT 1 "c";
L_0000000001043210 .functor NOT 1, v0000000001073320_0, C4<0>, C4<0>, C4<0>;
L_0000000000fbb740 .functor AND 1, L_0000000001073280, L_0000000001043210, C4<1>, C4<1>;
L_0000000000fbb7b0 .functor AND 1, v0000000001073320_0, L_0000000001072a60, C4<1>, C4<1>;
L_0000000000fbb820 .functor OR 1, L_0000000000fbb740, L_0000000000fbb7b0, C4<0>, C4<0>;
v0000000000fbb1e0_0 .net "a", 0 0, L_0000000001073280;  1 drivers
v000000000107ae20_0 .net "b", 0 0, L_0000000001072a60;  1 drivers
v0000000001078ff0_0 .net "c", 0 0, v0000000001073320_0;  alias, 1 drivers
v0000000001079090_0 .net "lower", 0 0, L_0000000000fbb7b0;  1 drivers
v0000000001079130_0 .net "notC", 0 0, L_0000000001043210;  1 drivers
v00000000010791d0_0 .net "upper", 0 0, L_0000000000fbb740;  1 drivers
v0000000000fbb470_0 .net "z", 0 0, L_0000000000fbb820;  1 drivers
S_0000000000fbb510 .scope module, "upper2" "yMux1" 3 7, 4 1 0, S_000000000107ac90;
 .timescale 0 0;
    .port_info 0 /OUTPUT 1 "z";
    .port_info 1 /INPUT 1 "a";
    .port_info 2 /INPUT 1 "b";
    .port_info 3 /INPUT 1 "c";
L_0000000000fbb890 .functor NOT 1, v0000000001073320_0, C4<0>, C4<0>, C4<0>;
L_0000000000fbb900 .functor AND 1, L_0000000001072c40, L_0000000000fbb890, C4<1>, C4<1>;
L_0000000000fbb970 .functor AND 1, v0000000001073320_0, L_00000000010735a0, C4<1>, C4<1>;
L_0000000001073840 .functor OR 1, L_0000000000fbb900, L_0000000000fbb970, C4<0>, C4<0>;
v0000000000fbb6a0_0 .net "a", 0 0, L_0000000001072c40;  1 drivers
v0000000001072ec0_0 .net "b", 0 0, L_00000000010735a0;  1 drivers
v0000000001072880_0 .net "c", 0 0, v0000000001073320_0;  alias, 1 drivers
v00000000010733c0_0 .net "lower", 0 0, L_0000000000fbb970;  1 drivers
v0000000001073460_0 .net "notC", 0 0, L_0000000000fbb890;  1 drivers
v00000000010736e0_0 .net "upper", 0 0, L_0000000000fbb900;  1 drivers
v0000000001072f60_0 .net "z", 0 0, L_0000000001073840;  1 drivers
    .scope S_000000000107ab00;
T_0 ;
    %vpi_call 2 12 "$display", "----" {0 0 0};
    %pushi/vec4 0, 0, 32;
    %store/vec4 v0000000001073640_0, 0, 32;
T_0.0 ;
    %load/vec4 v0000000001073640_0;
    %cmpi/s 2, 0, 32;
    %jmp/0xz T_0.1, 5;
    %pushi/vec4 0, 0, 32;
    %store/vec4 v0000000001072ba0_0, 0, 32;
T_0.2 ;
    %load/vec4 v0000000001072ba0_0;
    %cmpi/s 2, 0, 32;
    %jmp/0xz T_0.3, 5;
    %pushi/vec4 0, 0, 32;
    %store/vec4 v0000000001073500_0, 0, 32;
T_0.4 ;
    %load/vec4 v0000000001073500_0;
    %cmpi/s 2, 0, 32;
    %jmp/0xz T_0.5, 5;
    %pushi/vec4 0, 0, 32;
    %store/vec4 v0000000001073780_0, 0, 32;
T_0.6 ;
    %load/vec4 v0000000001073780_0;
    %cmpi/s 2, 0, 32;
    %jmp/0xz T_0.7, 5;
    %pushi/vec4 0, 0, 32;
    %store/vec4 v0000000001073000_0, 0, 32;
T_0.8 ;
    %load/vec4 v0000000001073000_0;
    %cmpi/s 2, 0, 32;
    %jmp/0xz T_0.9, 5;
    %load/vec4 v0000000001073640_0;
    %pad/s 1;
    %ix/load 4, 0, 0;
    %flag_set/imm 4, 0;
    %store/vec4 v0000000001072e20_0, 4, 1;
    %load/vec4 v0000000001072ba0_0;
    %pad/s 1;
    %ix/load 4, 1, 0;
    %flag_set/imm 4, 0;
    %store/vec4 v0000000001072e20_0, 4, 1;
    %load/vec4 v0000000001073500_0;
    %pad/s 1;
    %ix/load 4, 0, 0;
    %flag_set/imm 4, 0;
    %store/vec4 v00000000010729c0_0, 4, 1;
    %load/vec4 v0000000001073780_0;
    %pad/s 1;
    %ix/load 4, 1, 0;
    %flag_set/imm 4, 0;
    %store/vec4 v00000000010729c0_0, 4, 1;
    %load/vec4 v0000000001073000_0;
    %pad/s 1;
    %store/vec4 v0000000001073320_0, 0, 1;
    %delay 1, 0;
    %load/vec4 v0000000001073640_0;
    %load/vec4 v0000000001073000_0;
    %inv;
    %and;
    %load/vec4 v0000000001073500_0;
    %load/vec4 v0000000001073000_0;
    %and;
    %or;
    %pad/s 1;
    %ix/load 4, 0, 0;
    %flag_set/imm 4, 0;
    %store/vec4 v0000000001072920_0, 4, 1;
    %load/vec4 v0000000001072ba0_0;
    %load/vec4 v0000000001073000_0;
    %inv;
    %and;
    %load/vec4 v0000000001073780_0;
    %load/vec4 v0000000001073000_0;
    %and;
    %or;
    %pad/s 1;
    %ix/load 4, 1, 0;
    %flag_set/imm 4, 0;
    %store/vec4 v0000000001072920_0, 4, 1;
    %vpi_call 2 27 "$display", "Expected: z=%b", v0000000001072920_0 {0 0 0};
    %load/vec4 v0000000001072920_0;
    %parti/s 1, 0, 2;
    %load/vec4 v00000000010730a0_0;
    %parti/s 1, 0, 2;
    %cmp/e;
    %flag_get/vec4 6;
    %load/vec4 v0000000001072920_0;
    %parti/s 1, 1, 2;
    %load/vec4 v00000000010730a0_0;
    %parti/s 1, 1, 2;
    %cmp/e;
    %flag_get/vec4 6;
    %and;
    %flag_set/vec4 8;
    %jmp/0xz  T_0.10, 8;
    %vpi_call 2 29 "$display", "PASS: a=%b, b=%b, c=%b, z=%b", v0000000001072e20_0, v00000000010729c0_0, v0000000001073320_0, v00000000010730a0_0 {0 0 0};
    %jmp T_0.11;
T_0.10 ;
    %vpi_call 2 31 "$display", "FAIL: a=%b, b=%b, c=%b, z=%b", v0000000001072e20_0, v00000000010729c0_0, v0000000001073320_0, v00000000010730a0_0 {0 0 0};
T_0.11 ;
    %load/vec4 v0000000001073000_0;
    %addi 1, 0, 32;
    %store/vec4 v0000000001073000_0, 0, 32;
    %jmp T_0.8;
T_0.9 ;
    %load/vec4 v0000000001073780_0;
    %addi 1, 0, 32;
    %store/vec4 v0000000001073780_0, 0, 32;
    %jmp T_0.6;
T_0.7 ;
    %load/vec4 v0000000001073500_0;
    %addi 1, 0, 32;
    %store/vec4 v0000000001073500_0, 0, 32;
    %jmp T_0.4;
T_0.5 ;
    %load/vec4 v0000000001072ba0_0;
    %addi 1, 0, 32;
    %store/vec4 v0000000001072ba0_0, 0, 32;
    %jmp T_0.2;
T_0.3 ;
    %load/vec4 v0000000001073640_0;
    %addi 1, 0, 32;
    %store/vec4 v0000000001073640_0, 0, 32;
    %jmp T_0.0;
T_0.1 ;
    %vpi_call 2 33 "$finish" {0 0 0};
    %end;
    .thread T_0;
# The file index is used to find the file name in the following table.
:file_names 5;
    "N/A";
    "<interactive>";
    "LabL2.v";
    "yMux2.v";
    "yMux1.v";
