#! /usr/local/iverilog/bin/vvp
:ivl_version "11.0 (devel)" "(s20150603-642-g3bdb50da)";
:ivl_delay_selection "TYPICAL";
:vpi_time_precision + 0;
:vpi_module "system";
:vpi_module "vhdl_sys";
:vpi_module "vhdl_textio";
:vpi_module "v2005_math";
:vpi_module "va_math";
S_0000000001039d50 .scope module, "labK" "labK" 2 1;
 .timescale 0 0;
L_0000000001036e60 .functor NOT 1, v000000000103dbe0_0, C4<0>, C4<0>, C4<0>;
L_0000000000f44390 .functor AND 1, v000000000103daa0_0, L_0000000001036e60, C4<1>, C4<1>;
L_000000000103ef50 .functor AND 1, v000000000103dbe0_0, v000000000103db40_0, C4<1>, C4<1>;
L_00000000010389f0 .functor OR 1, L_0000000000f44390, L_000000000103ef50, C4<0>, C4<0>;
v000000000103daa0_0 .var "a", 0 0;
v000000000103db40_0 .var "b", 0 0;
v000000000103dbe0_0 .var "c", 0 0;
v000000000103dc80_0 .var "expect", 0 0;
v000000000103dd20_0 .var "flag", 0 0;
v00000000010368f0_0 .net "temp2", 0 0, L_0000000000f44390;  1 drivers
v0000000001036990_0 .net "temp3", 0 0, L_000000000103ef50;  1 drivers
v0000000001036a30_0 .net "tmp1", 0 0, L_0000000001036e60;  1 drivers
v0000000001036ad0_0 .net "z", 0 0, L_00000000010389f0;  1 drivers
    .scope S_0000000001039d50;
T_0 ;
    %vpi_func 2 13 "$value$plusargs" 32, "a=%b", v000000000103daa0_0 {0 0 0};
    %pad/u 1;
    %store/vec4 v000000000103dd20_0, 0, 1;
    %vpi_func 2 14 "$value$plusargs" 32, "b=%b", v000000000103db40_0 {0 0 0};
    %pad/u 1;
    %store/vec4 v000000000103dd20_0, 0, 1;
    %vpi_func 2 15 "$value$plusargs" 32, "c=%b", v000000000103dbe0_0 {0 0 0};
    %pad/u 1;
    %store/vec4 v000000000103dd20_0, 0, 1;
    %load/vec4 v000000000103daa0_0;
    %load/vec4 v000000000103dbe0_0;
    %inv;
    %and;
    %load/vec4 v000000000103dbe0_0;
    %load/vec4 v000000000103db40_0;
    %and;
    %or;
    %store/vec4 v000000000103dc80_0, 0, 1;
    %delay 1, 0;
    %load/vec4 v000000000103dc80_0;
    %load/vec4 v0000000001036ad0_0;
    %cmp/e;
    %jmp/0xz  T_0.0, 6;
    %vpi_call 2 19 "$display", "PASS: a=%b b=%b c=%b z=%b", v000000000103daa0_0, v000000000103db40_0, v000000000103dbe0_0, v0000000001036ad0_0 {0 0 0};
    %jmp T_0.1;
T_0.0 ;
    %vpi_call 2 21 "$display", "FAIL: a=%b b=%b c=%b z=%b", v000000000103daa0_0, v000000000103db40_0, v000000000103dbe0_0, v0000000001036ad0_0 {0 0 0};
T_0.1 ;
    %vpi_call 2 22 "$finish" {0 0 0};
    %end;
    .thread T_0;
# The file index is used to find the file name in the following table.
:file_names 3;
    "N/A";
    "<interactive>";
    "LabK7.v";
